0 info it worked if it ends with ok
1 verbose cli [ 'C:\\Program Files\\nodejs\\node.exe',
1 verbose cli   'C:\\Users\\tchambar\\AppData\\Roaming\\npm\\node_modules\\npm\\bin\\npm-cli.js',
1 verbose cli   'run',
1 verbose cli   'test:dev' ]
2 info using npm@4.0.1
3 info using node@v4.6.0
4 verbose run-script [ 'pretest:dev', 'test:dev', 'posttest:dev' ]
5 info lifecycle spirit.io-mongodb-connector@1.0.0~pretest:dev: spirit.io-mongodb-connector@1.0.0
6 silly lifecycle spirit.io-mongodb-connector@1.0.0~pretest:dev: no script for pretest:dev, continuing
7 info lifecycle spirit.io-mongodb-connector@1.0.0~test:dev: spirit.io-mongodb-connector@1.0.0
8 verbose lifecycle spirit.io-mongodb-connector@1.0.0~test:dev: unsafe-perm in lifecycle true
9 verbose lifecycle spirit.io-mongodb-connector@1.0.0~test:dev: PATH: C:\Users\tchambar\AppData\Roaming\npm\node_modules\npm\bin\node-gyp-bin;C:\Dev\repositories\admin-spirit.io\node_modules\spirit.io-mongodb-connector\node_modules\.bin;C:\Dev\repositories\admin-spirit.io\node_modules\.bin;C:\Users\tchambar\AppData\Roaming\npm\node_modules\npm\bin\node-gyp-bin;C:\Dev\repositories\admin-spirit.io\node_modules\spirit.io-mongodb-connector\node_modules\.bin;C:\Dev\repositories\admin-spirit.io\node_modules\.bin;C:\Users\tchambar\bin;C:\Program Files\Git\mingw64\bin;C:\Program Files\Git\usr\local\bin;C:\Program Files\Git\usr\bin;C:\Program Files\Git\usr\bin;C:\Program Files\Git\mingw64\bin;C:\Program Files\Git\usr\bin;C:\Users\tchambar\bin;C:\Program Files\Docker\Docker\Resources\bin;C:\ProgramData\Oracle\Java\javapath;C:\WINDOWS\system32;C:\WINDOWS;C:\WINDOWS\System32\Wbem;C:\WINDOWS\System32\WindowsPowerShell\v1.0;C:\Program Files\Intel\WiFi\bin;C:\Program Files\Common Files\Intel\WirelessCommon;C:\Program Files (x86)\Sennheiser\SoftphoneSDK;C:\Program Files\Git\cmd;C:\Program Files (x86)\Skype\Phone;C:\Program Files\nodejs;C:\OpenSSL-Win32\bin;C:\Program Files (x86)\Microsoft VS Code\bin;C:\Users\tchambar\AppData\Local\Microsoft\WindowsApps;C:\Users\tchambar\AppData\Roaming\npm;C:\Program Files\Git\usr\bin\vendor_perl;C:\Program Files\Git\usr\bin\core_perl
10 verbose lifecycle spirit.io-mongodb-connector@1.0.0~test:dev: CWD: C:\Dev\repositories\admin-spirit.io\node_modules\spirit.io-mongodb-connector
11 silly lifecycle spirit.io-mongodb-connector@1.0.0~test:dev: Args: [ '/d /s /c',
11 silly lifecycle   'node ./node_modules/nyc/bin/nyc ./node_modules/mocha/bin/_mocha' ]
12 silly lifecycle spirit.io-mongodb-connector@1.0.0~test:dev: Returned: code: 1  signal: null
13 info lifecycle spirit.io-mongodb-connector@1.0.0~test:dev: Failed to exec test:dev script
14 verbose stack Error: spirit.io-mongodb-connector@1.0.0 test:dev: `node ./node_modules/nyc/bin/nyc ./node_modules/mocha/bin/_mocha`
14 verbose stack Exit status 1
14 verbose stack     at EventEmitter.<anonymous> (C:\Users\tchambar\AppData\Roaming\npm\node_modules\npm\lib\utils\lifecycle.js:279:16)
14 verbose stack     at emitTwo (events.js:87:13)
14 verbose stack     at EventEmitter.emit (events.js:172:7)
14 verbose stack     at ChildProcess.<anonymous> (C:\Users\tchambar\AppData\Roaming\npm\node_modules\npm\lib\utils\spawn.js:40:14)
14 verbose stack     at emitTwo (events.js:87:13)
14 verbose stack     at ChildProcess.emit (events.js:172:7)
14 verbose stack     at maybeClose (internal/child_process.js:829:16)
14 verbose stack     at Process.ChildProcess._handle.onexit (internal/child_process.js:211:5)
15 verbose pkgid spirit.io-mongodb-connector@1.0.0
16 verbose cwd C:\Dev\repositories\admin-spirit.io\node_modules\spirit.io-mongodb-connector
17 error Windows_NT 10.0.14393
18 error argv "C:\\Program Files\\nodejs\\node.exe" "C:\\Users\\tchambar\\AppData\\Roaming\\npm\\node_modules\\npm\\bin\\npm-cli.js" "run" "test:dev"
19 error node v4.6.0
20 error npm  v4.0.1
21 error code ELIFECYCLE
22 error spirit.io-mongodb-connector@1.0.0 test:dev: `node ./node_modules/nyc/bin/nyc ./node_modules/mocha/bin/_mocha`
22 error Exit status 1
23 error Failed at the spirit.io-mongodb-connector@1.0.0 test:dev script 'node ./node_modules/nyc/bin/nyc ./node_modules/mocha/bin/_mocha'.
23 error Make sure you have the latest version of node.js and npm installed.
23 error If you do, this is most likely a problem with the spirit.io-mongodb-connector package,
23 error not with npm itself.
23 error Tell the author that this fails on your system:
23 error     node ./node_modules/nyc/bin/nyc ./node_modules/mocha/bin/_mocha
23 error You can get information on how to open an issue for this project with:
23 error     npm bugs spirit.io-mongodb-connector
23 error Or if that isn't available, you can get their info via:
23 error     npm owner ls spirit.io-mongodb-connector
23 error There is likely additional logging output above.
24 verbose exit [ 1, true ]
